CreateFile=C:\Program Files\Dark Basic Software\Dark Basic Professional\Editor\ReadMe.rtf
CreateFile=C:\Program Files\Dark Basic Software\Dark Basic Professional\Editor\Tools\Source\Convert File to DATA Statements.exe
CreateFile=C:\Program Files\Dark Basic Software\Dark Basic Professional\Editor\Tools\Source\Remove Indentation.exe
CreateFile=C:\Program Files\Dark Basic Software\Dark Basic Professional\Editor\Tools\Source\Insert Code Template.exe
CreateFile=C:\Program Files\Dark Basic Software\Dark Basic Professional\Editor\Tools\Source\RGB Color Picker.exe
CreateFile=C:\Program Files\Dark Basic Software\Dark Basic Professional\Editor\Templates\Conditionals\FOR-NEXT.dba
CreateFile=C:\Program Files\Dark Basic Software\Dark Basic Professional\Editor\Templates\Conditionals\REPEAT-UNTIL.dba
CreateFile=C:\Program Files\Dark Basic Software\Dark Basic Professional\Editor\Templates\Conditionals\FOR-NEXT-STEP.dba
CreateFile=C:\Program Files\Dark Basic Software\Dark Basic Professional\Editor\Templates\Conditionals\WHILE-ENDWHILE.dba
CreateFile=C:\Program Files\Dark Basic Software\Dark Basic Professional\Editor\Templates\Loops\FOR-NEXT.dba
CreateFile=C:\Program Files\Dark Basic Software\Dark Basic Professional\Editor\Templates\Loops\REPEAT-UNTIL.dba
CreateFile=C:\Program Files\Dark Basic Software\Dark Basic Professional\Editor\Templates\Loops\FOR-NEXT-STEP.dba
CreateFile=C:\Program Files\Dark Basic Software\Dark Basic Professional\Editor\Templates\Loops\WHILE-ENDWHILE.dba
CreateFile=C:\Program Files\Dark Basic Software\Dark Basic Professional\Editor\Templates\Function.dba
CreateFile=C:\Program Files\Dark Basic Software\Dark Basic Professional\Editor\Templates\Standard Setup Sequence.dba
CreateFile=C:\Program Files\Dark Basic Software\Dark Basic Professional\Editor\frontend\status.msk
CreateFile=C:\Program Files\Dark Basic Software\Dark Basic Professional\Editor\frontend\notfound.ico
CreateFile=C:\Program Files\Dark Basic Software\Dark Basic Professional\Editor\frontend\keywords.ini
CreateFile=C:\Program Files\Dark Basic Software\Dark Basic Professional\Editor\frontend\IDEprefs.cfg
CreateFile=C:\Program Files\Dark Basic Software\Dark Basic Professional\Editor\frontend\editor.cfg
CreateFile=C:\Program Files\Dark Basic Software\Dark Basic Professional\Editor\frontend\default.ico
CreateFile=C:\Program Files\Dark Basic Software\Dark Basic Professional\Editor\frontend\weblinks.cfg
CreateFile=C:\Program Files\Dark Basic Software\Dark Basic Professional\Editor\frontend\default.dbpro
CreateFile=C:\Program Files\Dark Basic Software\Dark Basic Professional\Editor\ReadMe.rtf
CreateFile=C:\Program Files\Dark Basic Software\Dark Basic Professional\Editor\editor.exe
