COUNT=26
0:_markers\white light.fpe [-2644]
1:_markers\player start.fpe [272]
2:\scifi\items\key_1.fpe [328]
3:ww2\scenery\doors\door_c.fpe [176]
4:\ww2\furniturec\tablee.fpe [184]
5:_markers\green light.fpe [508]
6:\ww2\furnitureb\structuralj.fpe [312]
7:\ww2\characters\skeleton (unarmed).fpe [10996]
8:_markers\sound zone.fpe [288]
9:\scifi\characters\colonel x (unarmed).fpe [9620]
10:_markers\win zone.fpe [356]
11:\generic\items\mossberg.fpe [4172]
12:scifi\scenery\glass\fullview.fpe [1380]
13:\scifi\characters\aiko (unarmed).fpe [12460]
14:\scifi\characters\colonel x (shot gun).fpe [9888]
15:\scifi\items\large_health_1.fpe [260]
16:\scifi\scenery\teleport\teleportout.fpe [428]
17:scifi\scenery\doors\door_f_r.fpe [360]
18:\scifi\characters\conker (heavy weapon).fpe [10844]
19:\scifi\items\vickers.fpe [4348]
20:scifi\scenery\glass\crossview.fpe [1428]
21:\scifi\furniturea\generator.fpe [712]
22:\scifi\items\tavor.fpe [4232]
23:\scifi\items\tavor_ammo.fpe [1068]
24:ww2\scenery\doors\door_g.fpe [452]
25:\scifi\characters\aiko (shot gun).fpe [11624]
END
